<?xml version="1.0" encoding="UTF-8"?>
<!-- Generated by org.testng.reporters.JUnitReportReporter -->
<testsuite hostname="mac-air-07.cs.iastate.edu" name="Facebook.NewTest" tests="1" failures="0" timestamp="4 Dec 2015 20:48:06 GMT" time="6.247" errors="0">
  <testcase name="test1" time="6.247" classname="Facebook.NewTest"/>
</testsuite> <!-- Facebook.NewTest -->
